#
# A fatal error has been detected by the Java Runtime Environment:
#
#  EXCEPTION_ACCESS_VIOLATION (0xc0000005) at pc=0x0000000064a5479e, pid=15340, tid=0x0000000000002638
#
# JRE version: Java(TM) SE Runtime Environment (8.0_221-b11) (build 1.8.0_221-b11)
# Java VM: Java HotSpot(TM) 64-Bit Server VM (25.221-b11 mixed mode windows-amd64 compressed oops)
# Problematic frame:
# C  [imgui-java64.dll+0x5479e]
#
# Failed to write core dump. Minidumps are not enabled by default on client versions of Windows
#
# If you would like to submit a bug report, please visit:
#   http://bugreport.java.com/bugreport/crash.jsp
# The crash happened outside the Java Virtual Machine in native code.
# See problematic frame for where to report the bug.
#

---------------  T H R E A D  ---------------

Current thread (0x000000000255d000):  JavaThread "main" [_thread_in_native, id=9784, stack(0x0000000002560000,0x0000000002660000)]

siginfo: ExceptionCode=0xc0000005, writing address 0x0000000000001e28

Registers:
RAX=0x0000000000000001, RBX=0x0000000000000002, RCX=0x000000000265f278, RDX=0x0000000000000002
RSP=0x000000000265f210, RBP=0x000000000265f308, RSI=0x0000000000000000, RDI=0x000000000265f278
R8 =0x0000000000000004, R9 =0x0000000002558cb0, R10=0x0000000002958c3b, R11=0x00000000590dce30
R12=0x0000000000000000, R13=0x000000001bdf0230, R14=0x000000000265f338, R15=0x000000000255d000
RIP=0x0000000064a5479e, EFLAGS=0x0000000000010246

Top of Stack: (sp=0x000000000265f210)
0x000000000265f210:   000000000265f5f8 0000000002846fc0
0x000000000265f220:   00000000000003d8 0000000002846fd0
0x000000000265f230:   000000001bdf0230 000000000255d000
0x000000000265f240:   00000000ffffffff 0000000064a90d8e
0x000000000265f250:   00000000ffffffff 0000000002958ad7
0x000000000265f260:   000000000255e800 000000000255d000
0x000000000265f270:   000000001bdf0230 43c8000043fa0000
0x000000000265f280:   000000000255d000 0000000002958c67
0x000000000265f290:   00000000ffffffff 00000000029589ab
0x000000000265f2a0:   000000000255d000 000000001bdf0230
0x000000000265f2b0:   0000000000000002 000000000255d000
0x000000000265f2c0:   0000000002958962 000000000265f2c8
0x000000000265f2d0:   000000001bdf0230 000000000265f338
0x000000000265f2e0:   000000001be170e8 0000000000000000
0x000000000265f2f0:   000000001bdf0230 0000000000000000
0x000000000265f300:   000000000265f328 000000000265f380 

Instructions: (pc=0x0000000064a5479e)
0x0000000064a5477e:   00 00 57 56 53 48 83 ec 20 48 8b 35 ba 49 56 00
0x0000000064a5478e:   48 89 cf 89 d3 85 d2 74 51 8d 42 ff 85 d0 75 22
0x0000000064a5479e:   83 8e 28 1e 00 00 02 48 8b 07 89 9e 30 1e 00 00
0x0000000064a547ae:   48 89 86 4c 1e 00 00 48 83 c4 20 5b 5e 5f c3 0f 


Register to memory mapping:

RAX=0x0000000000000001 is an unknown value
RBX=0x0000000000000002 is an unknown value
RCX=0x000000000265f278 is pointing into the stack for thread: 0x000000000255d000
RDX=0x0000000000000002 is an unknown value
RSP=0x000000000265f210 is pointing into the stack for thread: 0x000000000255d000
RBP=0x000000000265f308 is pointing into the stack for thread: 0x000000000255d000
RSI=0x0000000000000000 is an unknown value
RDI=0x000000000265f278 is pointing into the stack for thread: 0x000000000255d000
R8 =0x0000000000000004 is an unknown value
R9 =0x0000000002558cb0 is an unknown value
R10=0x0000000002958c3b is at code_begin+891 in an Interpreter codelet
method entry point (kind = native)  [0x00000000029588c0, 0x0000000002959280]  2496 bytes
R11=0x00000000590dce30 is an unknown value
R12=0x0000000000000000 is an unknown value
R13={method} {0x000000001bdf0238} 'setNextWindowSize' '(FFI)V' in 'imgui/ImGui'
R14=0x000000000265f338 is pointing into the stack for thread: 0x000000000255d000
R15=0x000000000255d000 is a thread


Stack: [0x0000000002560000,0x0000000002660000],  sp=0x000000000265f210,  free space=1020k
Native frames: (J=compiled Java code, j=interpreted, Vv=VM code, C=native code)
C  [imgui-java64.dll+0x5479e]
C  [imgui-java64.dll+0x90d8e]
C  0x0000000002958c67

Java frames: (J=compiled Java code, j=interpreted, Vv=VM code)
j  imgui.ImGui.setNextWindowSize(FFI)V+0
j  ImPlotExample.show(Limgui/type/ImBoolean;)V+5
j  ImPlotExample.main([Ljava/lang/String;)V+10
v  ~StubRoutines::call_stub

---------------  P R O C E S S  ---------------

Java Threads: ( => current thread )
  0x000000001f25f000 JavaThread "Service Thread" daemon [_thread_blocked, id=13816, stack(0x000000001fe00000,0x000000001ff00000)]
  0x000000001f18f800 JavaThread "C1 CompilerThread3" daemon [_thread_blocked, id=9316, stack(0x000000001fd00000,0x000000001fe00000)]
  0x000000001f18c800 JavaThread "C2 CompilerThread2" daemon [_thread_blocked, id=16320, stack(0x000000001fc00000,0x000000001fd00000)]
  0x000000001f18b000 JavaThread "C2 CompilerThread1" daemon [_thread_blocked, id=11032, stack(0x000000001fb00000,0x000000001fc00000)]
  0x000000001de2e800 JavaThread "C2 CompilerThread0" daemon [_thread_blocked, id=14492, stack(0x000000001fa00000,0x000000001fb00000)]
  0x000000001de2d000 JavaThread "Monitor Ctrl-Break" daemon [_thread_in_native, id=5964, stack(0x000000001f900000,0x000000001fa00000)]
  0x000000001daad800 JavaThread "Attach Listener" daemon [_thread_blocked, id=7508, stack(0x000000001eff0000,0x000000001f0f0000)]
  0x000000001daab000 JavaThread "Signal Dispatcher" daemon [_thread_blocked, id=9256, stack(0x000000001eef0000,0x000000001eff0000)]
  0x000000001c3c8000 JavaThread "Finalizer" daemon [_thread_blocked, id=9152, stack(0x000000001ecf0000,0x000000001edf0000)]
  0x000000001da93000 JavaThread "Reference Handler" daemon [_thread_blocked, id=14652, stack(0x000000001ebf0000,0x000000001ecf0000)]
=>0x000000000255d000 JavaThread "main" [_thread_in_native, id=9784, stack(0x0000000002560000,0x0000000002660000)]

Other Threads:
  0x000000001da72800 VMThread [stack: 0x000000001eaf0000,0x000000001ebf0000] [id=1864]
  0x000000001f2d2000 WatcherThread [stack: 0x000000001ff00000,0x0000000020000000] [id=2952]

VM state:not at safepoint (normal execution)

VM Mutex/Monitor currently owned by a thread: None

heap address: 0x00000006c4600000, size: 4026 MB, Compressed Oops mode: Zero based, Oop shift amount: 3
Narrow klass base: 0x0000000000000000, Narrow klass shift: 3
Compressed class space size: 1073741824 Address: 0x00000007c0000000

Heap:
 PSYoungGen      total 75264K, used 9064K [0x000000076c200000, 0x0000000771600000, 0x00000007c0000000)
  eden space 64512K, 14% used [0x000000076c200000,0x000000076cada1e0,0x0000000770100000)
  from space 10752K, 0% used [0x0000000770b80000,0x0000000770b80000,0x0000000771600000)
  to   space 10752K, 0% used [0x0000000770100000,0x0000000770100000,0x0000000770b80000)
 ParOldGen       total 172032K, used 0K [0x00000006c4600000, 0x00000006cee00000, 0x000000076c200000)
  object space 172032K, 0% used [0x00000006c4600000,0x00000006c4600000,0x00000006cee00000)
 Metaspace       used 4171K, capacity 5088K, committed 5376K, reserved 1056768K
  class space    used 428K, capacity 464K, committed 512K, reserved 1048576K

Card table byte_map: [0x0000000011d00000,0x00000000124e0000] byte_map_base: 0x000000000e6dd000

Marking Bits: (ParMarkBitMap*) 0x00000000596d5ce0
 Begin Bits: [0x0000000013420000, 0x0000000017308000)
 End Bits:   [0x0000000017308000, 0x000000001b1f0000)

Polling page: 0x00000000003f0000

CodeCache: size=245760Kb used=1670Kb max_used=1670Kb free=244089Kb
 bounds [0x0000000002940000, 0x0000000002bb0000, 0x0000000011940000]
 total_blobs=701 nmethods=199 adapters=415
 compilation: enabled

Compilation events (10 events):
Event: 0.231 Thread 0x000000001f18f800  195       1       sun.misc.URLClassPath$Loader::getBaseURL (5 bytes)
Event: 0.231 Thread 0x000000001f18f800 nmethod 195 0x0000000002ae1450 code [0x0000000002ae15a0, 0x0000000002ae16b0]
Event: 0.231 Thread 0x000000001f18f800  196       3       java.lang.ref.Reference::<init> (25 bytes)
Event: 0.231 Thread 0x000000001f18f800 nmethod 196 0x0000000002ae1710 code [0x0000000002ae1880, 0x0000000002ae1ad0]
Event: 0.231 Thread 0x000000001f18f800  197  s    3       java.lang.StringBuffer::append (13 bytes)
Event: 0.231 Thread 0x000000001f18f800 nmethod 197 0x0000000002ae1b90 code [0x0000000002ae1d00, 0x0000000002ae2028]
Event: 0.231 Thread 0x000000001f18f800  198       3       java.util.Vector::elementData (7 bytes)
Event: 0.231 Thread 0x000000001f18f800 nmethod 198 0x0000000002ae2110 code [0x0000000002ae2260, 0x0000000002ae23f0]
Event: 0.232 Thread 0x000000001f18f800  199       3       java.util.concurrent.ConcurrentHashMap::spread (10 bytes)
Event: 0.232 Thread 0x000000001f18f800 nmethod 199 0x0000000002ae24d0 code [0x0000000002ae2620, 0x0000000002ae2770]

GC Heap History (0 events):
No events

Deoptimization events (0 events):
No events

Classes redefined (0 events):
No events

Internal exceptions (7 events):
Event: 0.029 Thread 0x000000000255d000 Exception <a 'java/lang/NoSuchMethodError': Method sun.misc.Unsafe.defineClass(Ljava/lang/String;[BII)Ljava/lang/Class; name or signature does not match> (0x000000076c207cb8) thrown at [C:\re\workspace\8-2-build-windows-amd64-cygwin\jdk8u221\13320\hotspot
Event: 0.029 Thread 0x000000000255d000 Exception <a 'java/lang/NoSuchMethodError': Method sun.misc.Unsafe.prefetchRead(Ljava/lang/Object;J)V name or signature does not match> (0x000000076c207fa0) thrown at [C:\re\workspace\8-2-build-windows-amd64-cygwin\jdk8u221\13320\hotspot\src\share\vm\prim
Event: 0.158 Thread 0x000000000255d000 Exception <a 'java/security/PrivilegedActionException'> (0x000000076c6f4a28) thrown at [C:\re\workspace\8-2-build-windows-amd64-cygwin\jdk8u221\13320\hotspot\src\share\vm\prims\jvm.cpp, line 1502]
Event: 0.158 Thread 0x000000000255d000 Exception <a 'java/security/PrivilegedActionException'> (0x000000076c6f4c38) thrown at [C:\re\workspace\8-2-build-windows-amd64-cygwin\jdk8u221\13320\hotspot\src\share\vm\prims\jvm.cpp, line 1502]
Event: 0.159 Thread 0x000000000255d000 Exception <a 'java/security/PrivilegedActionException'> (0x000000076c6f8b48) thrown at [C:\re\workspace\8-2-build-windows-amd64-cygwin\jdk8u221\13320\hotspot\src\share\vm\prims\jvm.cpp, line 1502]
Event: 0.159 Thread 0x000000000255d000 Exception <a 'java/security/PrivilegedActionException'> (0x000000076c6f8d58) thrown at [C:\re\workspace\8-2-build-windows-amd64-cygwin\jdk8u221\13320\hotspot\src\share\vm\prims\jvm.cpp, line 1502]
Event: 0.164 Thread 0x000000000255d000 Exception <a 'sun/nio/fs/WindowsException'> (0x000000076c9b4e70) thrown at [C:\re\workspace\8-2-build-windows-amd64-cygwin\jdk8u221\13320\hotspot\src\share\vm\prims\jni.cpp, line 710]

Events (10 events):
Event: 0.230 loading class imgui/extension/implot/ImPlotContext
Event: 0.230 loading class imgui/extension/implot/ImPlotContext done
Event: 0.230 loading class imgui/extension/implot/ImPlotPoint
Event: 0.230 loading class imgui/extension/implot/ImPlotPoint done
Event: 0.230 loading class imgui/extension/implot/ImPlotLimits
Event: 0.230 loading class imgui/extension/implot/ImPlotLimits done
Event: 0.231 loading class imgui/extension/implot/ImPlotStyle
Event: 0.231 loading class imgui/extension/implot/ImPlotStyle done
Event: 0.231 loading class imgui/internal/ImGui
Event: 0.231 loading class imgui/internal/ImGui done


Dynamic libraries:
0x00007ff649a10000 - 0x00007ff649a47000 	C:\Program Files\Java\jdk1.8.0_221\bin\java.exe
0x00007fff06900000 - 0x00007fff06af0000 	C:\WINDOWS\SYSTEM32\ntdll.dll
0x00007fff053c0000 - 0x00007fff05473000 	C:\WINDOWS\System32\KERNEL32.DLL
0x00007fff045f0000 - 0x00007fff04895000 	C:\WINDOWS\System32\KERNELBASE.dll
0x00007fff04a20000 - 0x00007fff04ac5000 	C:\WINDOWS\System32\ADVAPI32.dll
0x00007fff055b0000 - 0x00007fff0564e000 	C:\WINDOWS\System32\msvcrt.dll
0x00007fff05310000 - 0x00007fff053a8000 	C:\WINDOWS\System32\sechost.dll
0x00007fff05480000 - 0x00007fff0559b000 	C:\WINDOWS\System32\RPCRT4.dll
0x00007fff04d00000 - 0x00007fff04e94000 	C:\WINDOWS\System32\USER32.dll
0x00007fff04510000 - 0x00007fff04531000 	C:\WINDOWS\System32\win32u.dll
0x00007fff04f50000 - 0x00007fff04f76000 	C:\WINDOWS\System32\GDI32.dll
0x00007fff04070000 - 0x00007fff04208000 	C:\WINDOWS\System32\gdi32full.dll
0x00007fff04360000 - 0x00007fff043fe000 	C:\WINDOWS\System32\msvcp_win.dll
0x00007fff048a0000 - 0x00007fff0499a000 	C:\WINDOWS\System32\ucrtbase.dll
0x00007ffeeb4b0000 - 0x00007ffeeb734000 	C:\WINDOWS\WinSxS\amd64_microsoft.windows.common-controls_6595b64144ccf1df_6.0.18362.2158_none_9e7e0c15e45e70fa\COMCTL32.dll
0x00007fff05710000 - 0x00007fff05a46000 	C:\WINDOWS\System32\combase.dll
0x00007fff04480000 - 0x00007fff04504000 	C:\WINDOWS\System32\bcryptPrimitives.dll
0x00007fff051d0000 - 0x00007fff051fe000 	C:\WINDOWS\System32\IMM32.DLL
0x0000000059760000 - 0x0000000059832000 	C:\Program Files\Java\jdk1.8.0_221\jre\bin\msvcr100.dll
0x0000000058eb0000 - 0x0000000059755000 	C:\Program Files\Java\jdk1.8.0_221\jre\bin\server\jvm.dll
0x00007fff055a0000 - 0x00007fff055a8000 	C:\WINDOWS\System32\PSAPI.DLL
0x00007ffef1550000 - 0x00007ffef1574000 	C:\WINDOWS\SYSTEM32\WINMM.dll
0x00007ffef1580000 - 0x00007ffef1589000 	C:\WINDOWS\SYSTEM32\WSOCK32.dll
0x00007ffefdd30000 - 0x00007ffefdd3a000 	C:\WINDOWS\SYSTEM32\VERSION.dll
0x00007fff05a50000 - 0x00007fff05abf000 	C:\WINDOWS\System32\WS2_32.dll
0x00007ffef65c0000 - 0x00007ffef65ed000 	C:\WINDOWS\SYSTEM32\WINMMBASE.dll
0x00007fff04400000 - 0x00007fff0444a000 	C:\WINDOWS\System32\cfgmgr32.dll
0x00007fff00d20000 - 0x00007fff00d2f000 	C:\Program Files\Java\jdk1.8.0_221\jre\bin\verify.dll
0x00007ffefb510000 - 0x00007ffefb539000 	C:\Program Files\Java\jdk1.8.0_221\jre\bin\java.dll
0x00007ffefaac0000 - 0x00007ffefaae3000 	C:\Program Files\Java\jdk1.8.0_221\jre\bin\instrument.dll
0x00007ffefdd40000 - 0x00007ffefdd56000 	C:\Program Files\Java\jdk1.8.0_221\jre\bin\zip.dll
0x00007fff06100000 - 0x00007fff067e7000 	C:\WINDOWS\System32\SHELL32.dll
0x00007fff04ea0000 - 0x00007fff04f49000 	C:\WINDOWS\System32\shcore.dll
0x00007fff038d0000 - 0x00007fff0404c000 	C:\WINDOWS\System32\windows.storage.dll
0x00007fff03850000 - 0x00007fff0386e000 	C:\WINDOWS\System32\profapi.dll
0x00007fff037c0000 - 0x00007fff0380a000 	C:\WINDOWS\System32\powrprof.dll
0x00007fff037b0000 - 0x00007fff037c0000 	C:\WINDOWS\System32\UMPDC.dll
0x00007fff052b0000 - 0x00007fff05302000 	C:\WINDOWS\System32\shlwapi.dll
0x00007fff03810000 - 0x00007fff03821000 	C:\WINDOWS\System32\kernel.appcore.dll
0x00007fff04050000 - 0x00007fff04067000 	C:\WINDOWS\System32\cryptsp.dll
0x00007fff01800000 - 0x00007fff0181a000 	C:\Users\gaddashr001\AppData\Local\JetBrains\IntelliJ IDEA 2021.2.1\bin\breakgen64.dll
0x00007ffefae90000 - 0x00007ffefaeaa000 	C:\Program Files\Java\jdk1.8.0_221\jre\bin\net.dll
0x00007ffef39e0000 - 0x00007ffef3bb5000 	C:\WINDOWS\SYSTEM32\urlmon.dll
0x00007ffef3730000 - 0x00007ffef39d7000 	C:\WINDOWS\SYSTEM32\iertutil.dll
0x00007ffef3700000 - 0x00007ffef3726000 	C:\WINDOWS\SYSTEM32\srvcli.dll
0x00007fff02db0000 - 0x00007fff02dbc000 	C:\WINDOWS\SYSTEM32\netutils.dll
0x00007fff03160000 - 0x00007fff0316c000 	C:\WINDOWS\SYSTEM32\CRYPTBASE.DLL
0x00007fff02f90000 - 0x00007fff02ff7000 	C:\WINDOWS\system32\mswsock.dll
0x00007ffefaa90000 - 0x00007ffefaaa2000 	C:\Program Files\Java\jdk1.8.0_221\jre\bin\nio.dll
0x0000000064a00000 - 0x000000006580f000 	C:\Users\gaddashr001\AppData\Local\Temp\imgui-java-natives_1648230253045\imgui-java64.dll
0x00007ffefe130000 - 0x00007ffefe324000 	C:\WINDOWS\SYSTEM32\dbghelp.dll

VM Arguments:
jvm_args: -javaagent:C:\Users\gaddashr001\AppData\Local\JetBrains\IntelliJ IDEA 2021.2.1\lib\idea_rt.jar=51895:C:\Users\gaddashr001\AppData\Local\JetBrains\IntelliJ IDEA 2021.2.1\bin -Dfile.encoding=UTF-8 
java_command: ImPlotExample
java_class_path (initial): C:\Program Files\Java\jdk1.8.0_221\jre\lib\charsets.jar;C:\Program Files\Java\jdk1.8.0_221\jre\lib\deploy.jar;C:\Program Files\Java\jdk1.8.0_221\jre\lib\ext\access-bridge-64.jar;C:\Program Files\Java\jdk1.8.0_221\jre\lib\ext\cldrdata.jar;C:\Program Files\Java\jdk1.8.0_221\jre\lib\ext\dnsns.jar;C:\Program Files\Java\jdk1.8.0_221\jre\lib\ext\jaccess.jar;C:\Program Files\Java\jdk1.8.0_221\jre\lib\ext\jfxrt.jar;C:\Program Files\Java\jdk1.8.0_221\jre\lib\ext\localedata.jar;C:\Program Files\Java\jdk1.8.0_221\jre\lib\ext\nashorn.jar;C:\Program Files\Java\jdk1.8.0_221\jre\lib\ext\sunec.jar;C:\Program Files\Java\jdk1.8.0_221\jre\lib\ext\sunjce_provider.jar;C:\Program Files\Java\jdk1.8.0_221\jre\lib\ext\sunmscapi.jar;C:\Program Files\Java\jdk1.8.0_221\jre\lib\ext\sunpkcs11.jar;C:\Program Files\Java\jdk1.8.0_221\jre\lib\ext\zipfs.jar;C:\Program Files\Java\jdk1.8.0_221\jre\lib\javaws.jar;C:\Program Files\Java\jdk1.8.0_221\jre\lib\jce.jar;C:\Program Files\Java\jdk1.8.0_221\jre\lib\jfr.jar;C:\Program Files\Java\jdk1.8.0_221\jre\lib\jfxswt.jar;C:\Program Files\Java\jdk1.8.0_221\jre\lib\jsse.jar;C:\Program Files\Java\jdk1.8.0_221\jre\lib\management-agent.jar;C:\Program Files\Java\jdk1.8.0_221\jre\lib\plugin.jar;C:\Program Files\Java\jdk1.8.0_221\jre\lib\resources.jar;C:\Program Files\Java\jdk1.8.0_221\jre\lib\rt.jar;C:\Users\gaddashr001\Documents\GitHub\Sound-recorder\target\classes;C:\Users\gaddashr001\.m2\repository\io\github\spair\imgui-java-app\1.86.4\imgui-java-app-1.86.4.jar;C:\Users\gaddashr001\.m2\repository\org\lwjgl\lwjgl\3.3.1\lwjgl-3.3.1-natives-linux.jar;C:\Users\gaddashr001\.m2\repository\org\lwjgl\lwjgl-glfw\3.3.1\lwjgl-glfw-3.3.1-natives-linux.jar;C:\Users\gaddashr001\.m2\repository\org\lwjgl\lwjgl-opengl\3.3.1\lwjgl-opengl-3.3.1-natives-linux.jar;C:\Users\gaddashr001\.m2\repository\org\lwjgl\lwjgl\3.3.1\lwjgl-3.3.1-natives-macos.jar;C:\Users\gaddashr001\.m2\repository\org\lwjgl\lwjgl-glfw\3.3.1\lwjgl-glfw-3.3.1-natives-macos.jar;C:\User
Launcher Type: SUN_STANDARD

Environment Variables:
PATH=C:\Program Files (x86)\Common Files\Oracle\Java\javapath;C:\ProgramData\Oracle\Java\javapath;C:\WINDOWS\system32;C:\WINDOWS;C:\WINDOWS\System32\Wbem;C:\WINDOWS\System32\WindowsPowerShell\v1.0\;C:\WINDOWS\System32\OpenSSH\;C:\Program Files\nodejs\;C:\Program Files\Microsoft VS Code\bin;C:\Users\gaddashr001\AppData\Local\Programs\Python\Python310\Scripts\;C:\Users\gaddashr001\AppData\Local\Programs\Python\Python310\;C:\Users\gaddashr001\AppData\Local\Programs\Python\Launcher\;C:\Users\gaddashr001\AppData\Local\Microsoft\WindowsApps;C:\Users\gaddashr001\AppData\Local\Programs\Microsoft VS Code Insiders\bin;C:\Users\gaddashr001\AppData\Local\GitHubDesktop\bin
USERNAME=gaddashr001
OS=Windows_NT
PROCESSOR_IDENTIFIER=Intel64 Family 6 Model 165 Stepping 3, GenuineIntel



---------------  S Y S T E M  ---------------

OS: Windows 10.0 , 64 bit Build 18362 (10.0.18362.2158)

CPU:total 12 (initial active 12) (6 cores per cpu, 2 threads per core) family 6 model 165 stepping 3, cmov, cx8, fxsr, mmx, sse, sse2, sse3, ssse3, sse4.1, sse4.2, popcnt, avx, avx2, aes, clmul, erms, 3dnowpref, lzcnt, ht, tsc, tscinvbit, bmi1, bmi2, adx

Memory: 4k page, physical 16485504k(8082408k free), swap 18975872k(9441208k free)

vm_info: Java HotSpot(TM) 64-Bit Server VM (25.221-b11) for windows-amd64 JRE (1.8.0_221-b11), built on Jul  4 2019 04:39:29 by "java_re" with MS VC++ 10.0 (VS2010)

time: Fri Mar 25 12:44:13 2022
timezone: Central Daylight Time
elapsed time: 0 seconds (0d 0h 0m 0s)

